<?xml version="1.0" encoding="UTF-8"?>
<!-- Generated by org.testng.reporters.JUnitReportReporter -->
<testsuite hostname="DESKTOP-9AOKU1Q" failures="0" tests="1" name="API.Agency_Clean_Data" time="2.073" errors="0" timestamp="2024-07-19T11:38:47 IST" skipped="0">
  <testcase classname="API.Agency_Clean_Data" name="Delete_Acc_Data" time="2.073"/>
  <system-out/>
</testsuite> <!-- API.Agency_Clean_Data -->
