<?xml version="1.0" encoding="UTF-8"?>
<!-- Generated by org.testng.reporters.JUnitReportReporter -->
<testsuite hostname="DESKTOP-9AOKU1Q" failures="0" tests="1" name="Agency_Test_Scripts.Invite_Students_Manual" time="17.788" errors="0" timestamp="2024-07-19T11:38:47 IST" skipped="0">
  <testcase classname="Agency_Test_Scripts.Invite_Students_Manual" name="Invite_Students_Validation" time="17.788"/>
  <system-out/>
</testsuite> <!-- Agency_Test_Scripts.Invite_Students_Manual -->
