<?xml version="1.0" encoding="UTF-8"?>
<!-- Generated by org.testng.reporters.JUnitReportReporter -->
<testsuite hostname="DESKTOP-9AOKU1Q" failures="0" tests="1" name="Organization_Test_scripts.Add_Talent_Acquisition_Team_Validation" time="19.120" errors="0" timestamp="2024-07-19T11:38:47 IST" skipped="0">
  <testcase classname="Organization_Test_scripts.Add_Talent_Acquisition_Team_Validation" name="Add_Talent_Acquisition_Team_validation" time="19.120"/>
  <system-out/>
</testsuite> <!-- Organization_Test_scripts.Add_Talent_Acquisition_Team_Validation -->
