<?xml version="1.0" encoding="UTF-8"?>
<!-- Generated by org.testng.reporters.JUnitReportReporter -->
<testsuite hostname="DESKTOP-9AOKU1Q" failures="0" tests="1" name="Agency_Test_Scripts.Agency_Login_Validation" time="11.807" errors="0" timestamp="2024-07-19T11:38:47 IST" skipped="0">
  <testcase classname="Agency_Test_Scripts.Agency_Login_Validation" name="Login_validation" time="11.807"/>
  <system-out/>
</testsuite> <!-- Agency_Test_Scripts.Agency_Login_Validation -->
