<?xml version="1.0" encoding="UTF-8"?>
<!-- Generated by org.testng.reporters.JUnitReportReporter -->
<testsuite hostname="DESKTOP-9AOKU1Q" failures="0" tests="1" name="Organization_Test_scripts.Skill_Assessment_Upload_Validation" time="27.837" errors="0" timestamp="2024-07-19T11:38:47 IST" skipped="0">
  <testcase classname="Organization_Test_scripts.Skill_Assessment_Upload_Validation" name="Skill_Assessment_page_Upload" time="27.837"/>
  <system-out/>
</testsuite> <!-- Organization_Test_scripts.Skill_Assessment_Upload_Validation -->
