<?xml version="1.0" encoding="UTF-8"?>
<!-- Generated by org.testng.reporters.JUnitReportReporter -->
<testsuite hostname="DESKTOP-9AOKU1Q" failures="0" tests="1" name="Organization_Test_scripts.One_Way_Assessment_Upload_Validation" time="24.544" errors="0" timestamp="2024-07-19T11:38:47 IST" skipped="0">
  <testcase classname="Organization_Test_scripts.One_Way_Assessment_Upload_Validation" name="One_Way_Assessment_Upload_validation" time="24.544"/>
  <system-out/>
</testsuite> <!-- Organization_Test_scripts.One_Way_Assessment_Upload_Validation -->
