<?xml version="1.0" encoding="UTF-8"?>
<!-- Generated by org.testng.reporters.JUnitReportReporter -->
<testsuite hostname="DESKTOP-9AOKU1Q" failures="0" tests="1" name="Organization_Test_scripts.Psy_Assessment_Create_Validation" time="25.695" errors="0" timestamp="2024-07-19T11:38:47 IST" skipped="0">
  <testcase classname="Organization_Test_scripts.Psy_Assessment_Create_Validation" name="Psy_Assessment_create_Validation" time="25.695"/>
  <system-out/>
</testsuite> <!-- Organization_Test_scripts.Psy_Assessment_Create_Validation -->
