<?xml version="1.0" encoding="UTF-8"?>
<!-- Generated by org.testng.reporters.JUnitReportReporter -->
<testsuite hostname="DESKTOP-9AOKU1Q" failures="0" tests="1" name="Organization_Test_scripts.Invite_Students_Bulk_Upload" time="19.026" errors="0" timestamp="2024-07-19T11:38:47 IST" skipped="0">
  <testcase classname="Organization_Test_scripts.Invite_Students_Bulk_Upload" name="Invite_Students_Validation" time="19.026"/>
  <system-out/>
</testsuite> <!-- Organization_Test_scripts.Invite_Students_Bulk_Upload -->
