<?xml version="1.0" encoding="UTF-8"?>
<!-- Generated by org.testng.reporters.JUnitReportReporter -->
<testsuite hostname="DESKTOP-9AOKU1Q" failures="0" tests="1" name="Agency_Test_Scripts.Add_Team_Member" time="19.390" errors="0" timestamp="2024-07-19T11:38:47 IST" skipped="0">
  <testcase classname="Agency_Test_Scripts.Add_Team_Member" name="Add_Team_Member_Validation" time="19.390"/>
  <system-out/>
</testsuite> <!-- Agency_Test_Scripts.Add_Team_Member -->
