<?xml version="1.0" encoding="UTF-8"?>
<!-- Generated by org.testng.reporters.JUnitReportReporter -->
<testsuite hostname="DESKTOP-9AOKU1Q" failures="0" tests="1" name="Institution_Test_Scripts.Add_Department" time="14.142" errors="0" timestamp="2024-07-19T11:38:47 IST" skipped="0">
  <testcase classname="Institution_Test_Scripts.Add_Department" name="Add_Department_Validation" time="14.142"/>
  <system-out/>
</testsuite> <!-- Institution_Test_Scripts.Add_Department -->
